<?xml version="1.0" encoding="UTF-8"?>
<!-- Generated by org.testng.reporters.JUnitReportReporter -->
<testsuite skipped="0" hostname="7c4e2f5796ec" name="com.search.tests.SearchTest" tests="2" failures="0" timestamp="25 Sep 2020 14:19:38 GMT" time="13.254" errors="0">
  <testcase name="search" time="6.203" classname="com.search.tests.SearchTest"/>
  <testcase name="search" time="7.051" classname="com.search.tests.SearchTest"/>
</testsuite> <!-- com.search.tests.SearchTest -->
