<?xml version="1.0" encoding="UTF-8"?>
<!-- Generated by org.testng.reporters.JUnitReportReporter -->
<testsuite skipped="0" hostname="WindowProNew" name="com.newtours.tests.BookFlightTest" tests="6" failures="0" timestamp="24 Sep 2020 13:12:39 GMT" time="9.068" errors="0">
  <testcase name="flightDetailsPageTest" time="0.860" classname="com.newtours.tests.BookFlightTest"/>
  <testcase name="flightDetailsPageTest" time="0.738" classname="com.newtours.tests.BookFlightTest"/>
  <testcase name="registrationPageTest" time="2.054" classname="com.newtours.tests.BookFlightTest"/>
  <testcase name="registrationPageTest" time="4.146" classname="com.newtours.tests.BookFlightTest"/>
  <testcase name="registrationConfirmationPageTest" time="0.606" classname="com.newtours.tests.BookFlightTest"/>
  <testcase name="registrationConfirmationPageTest" time="0.664" classname="com.newtours.tests.BookFlightTest"/>
</testsuite> <!-- com.newtours.tests.BookFlightTest -->
