<?xml version="1.0" encoding="UTF-8"?>
<!-- Generated by org.testng.reporters.JUnitReportReporter -->
<testsuite skipped="0" hostname="WindowProNew" name="com.search.tests.SearchTest" tests="2" failures="0" timestamp="24 Sep 2020 18:15:57 GMT" time="13.186" errors="0">
  <testcase name="search" time="6.840" classname="com.search.tests.SearchTest"/>
  <testcase name="search" time="6.346" classname="com.search.tests.SearchTest"/>
</testsuite> <!-- com.search.tests.SearchTest -->
